Using pre-set license
Built from '2020.2/release' branch; Version is '2020.2.2f1 (068178b99f32) revision 426360'; Using compiler version '192528614'; Build Type 'Release'
OS: 'Windows 10 Pro; OS build 19041.985; Version 2004; 64bit' Language: 'ko' Physical Memory: 16301 MB
BatchMode: 1, IsHumanControllingUs: 0, StartBugReporterOnCrash: 0, Is64bit: 1, IsPro: 0

 COMMAND LINE ARGUMENTS:
C:\Program Files\Unity\Hub\Editor\2020.2.2f1\Editor\Unity.exe
-adb2
-batchMode
-noUpm
-name
AssetImportWorker1
-projectPath
C:/Users/user/Desktop/TrashCrasher/TrashCrasher
-logFile
Logs/AssetImportWorker1.log
-srvPort
13835
Successfully changed project path to: C:/Users/user/Desktop/TrashCrasher/TrashCrasher
C:/Users/user/Desktop/TrashCrasher/TrashCrasher
Using Asset Import Pipeline V2.
Refreshing native plugins compatible for Editor in 63.46 ms, found 1 plugins.
Preloading 0 native plugins for Editor in 0.00 ms.
Initialize engine version: 2020.2.2f1 (068178b99f32)
[Subsystems] Discovering subsystems at path C:/Program Files/Unity/Hub/Editor/2020.2.2f1/Editor/Data/Resources/UnitySubsystems
[Subsystems] Discovering subsystems at path C:/Users/user/Desktop/TrashCrasher/TrashCrasher/Assets
GfxDevice: creating device client; threaded=0
Direct3D:
    Version:  Direct3D 11.0 [level 11.1]
    Renderer: Intel(R) HD Graphics 530 (ID=0x191b)
    Vendor:   
    VRAM:     8150 MB
    Driver:   27.20.100.7987
Initialize mono
Mono path[0] = 'C:/Program Files/Unity/Hub/Editor/2020.2.2f1/Editor/Data/Managed'
Mono path[1] = 'C:/Program Files/Unity/Hub/Editor/2020.2.2f1/Editor/Data/MonoBleedingEdge/lib/mono/unityjit'
Mono config path = 'C:/Program Files/Unity/Hub/Editor/2020.2.2f1/Editor/Data/MonoBleedingEdge/etc'
Using monoOptions --debugger-agent=transport=dt_socket,embedding=1,server=y,suspend=n,address=127.0.0.1:56408
Begin MonoManager ReloadAssembly
Registering precompiled unity dll's ...
Register platform support module: C:/Program Files/Unity/Hub/Editor/2020.2.2f1/Editor/Data/PlaybackEngines/WindowsStandaloneSupport/UnityEditor.WindowsStandalone.Extensions.dll
Registered in 0.020836 seconds.
Native extension for WindowsStandalone target not found
Refreshing native plugins compatible for Editor in 86.48 ms, found 1 plugins.
Preloading 0 native plugins for Editor in 0.00 ms.
Invoked RoslynAnalysisRunner static constructor.
RoslynAnalysisRunner will not be running.
RoslynAnalysisRunner has terminated.
Mono: successfully reloaded assembly
- Completed reload, in  6.099 seconds
Platform modules already initialized, skipping
Registering precompiled user dll's ...
Registered in 0.007805 seconds.
Begin MonoManager ReloadAssembly
Native extension for WindowsStandalone target not found
Refreshing native plugins compatible for Editor in 68.78 ms, found 1 plugins.
Preloading 0 native plugins for Editor in 0.00 ms.
Invoked RoslynAnalysisRunner static constructor.
RoslynAnalysisRunner will not be running.
RoslynAnalysisRunner has terminated.
Mono: successfully reloaded assembly
- Completed reload, in  2.516 seconds
Platform modules already initialized, skipping
========================================================================
Worker process is ready to serve import requests
Launched and connected shader compiler UnityShaderCompiler.exe after 0.20 seconds
Refreshing native plugins compatible for Editor in 0.49 ms, found 1 plugins.
Preloading 0 native plugins for Editor in 0.00 ms.
Unloading 1779 Unused Serialized files (Serialized files now loaded: 0)
System memory in use before: 86.8 MB.
System memory in use after: 86.9 MB.

Unloading 19 unused Assets to reduce memory usage. Loaded Objects now: 2229.
Total: 2.653000 ms (FindLiveObjects: 0.240700 ms CreateObjectMapping: 0.103100 ms MarkObjects: 2.215500 ms  DeleteObjects: 0.091300 ms)

========================================================================
Received Import Request.
  path: Assets/Prefabs/trash7.prefab
  artifactKey: Guid(827e1dc0c281fd14a8428cce10eb0323) Importer(815301076,1909f56bfc062723c751e8b465ee728b)
Start importing Assets/Prefabs/trash7.prefab using Guid(827e1dc0c281fd14a8428cce10eb0323) Importer(815301076,1909f56bfc062723c751e8b465ee728b)  -> (artifact id: '79f697b0200b0aeb859d55188a37ce93') in 0.292573 seconds
  Import took 0.303392 seconds .

========================================================================
Received Import Request.
  Time since last request: 0.000092 seconds.
  path: Assets/Prefabs/trash2.prefab
  artifactKey: Guid(087299eefe7547c439a54a5f3de63b15) Importer(815301076,1909f56bfc062723c751e8b465ee728b)
Start importing Assets/Prefabs/trash2.prefab using Guid(087299eefe7547c439a54a5f3de63b15) Importer(815301076,1909f56bfc062723c751e8b465ee728b)  -> (artifact id: '2cc20f448bc87e9385d7f85ed4c4733e') in 0.078738 seconds
  Import took 0.107078 seconds .

========================================================================
Received Import Request.
  Time since last request: 0.000306 seconds.
  path: Assets/Prefabs/trash5.prefab
  artifactKey: Guid(b79f03e91406729429e6f7541ad4cb01) Importer(815301076,1909f56bfc062723c751e8b465ee728b)
Start importing Assets/Prefabs/trash5.prefab using Guid(b79f03e91406729429e6f7541ad4cb01) Importer(815301076,1909f56bfc062723c751e8b465ee728b)  -> (artifact id: 'b1ce235bfb6888e7e757308b0cdd1b82') in 0.054820 seconds
  Import took 0.062744 seconds .

========================================================================
Received Import Request.
  Time since last request: 0.000446 seconds.
  path: Assets/Prefabs/trash8.prefab
  artifactKey: Guid(2c552a973b39260418f30d91a1c93024) Importer(815301076,1909f56bfc062723c751e8b465ee728b)
Start importing Assets/Prefabs/trash8.prefab using Guid(2c552a973b39260418f30d91a1c93024) Importer(815301076,1909f56bfc062723c751e8b465ee728b)  -> (artifact id: '1555e70e3ca99de37f4918cb3518a2da') in 0.080653 seconds
  Import took 0.087967 seconds .

========================================================================
Received Import Request.
  Time since last request: 0.000315 seconds.
  path: Assets/Prefabs/trash3.prefab
  artifactKey: Guid(fd1697bcd1623d142af962ad9a2502a9) Importer(815301076,1909f56bfc062723c751e8b465ee728b)
Start importing Assets/Prefabs/trash3.prefab using Guid(fd1697bcd1623d142af962ad9a2502a9) Importer(815301076,1909f56bfc062723c751e8b465ee728b)  -> (artifact id: 'c7ca1696d115bb7f7f551ff1f24c8719') in 0.063049 seconds
  Import took 0.068631 seconds .

========================================================================
Received Import Request.
  Time since last request: 0.000546 seconds.
  path: Assets/Prefabs/trash1.prefab
  artifactKey: Guid(a7ef2e2339c2ab34fbea082e9b200823) Importer(815301076,1909f56bfc062723c751e8b465ee728b)
Start importing Assets/Prefabs/trash1.prefab using Guid(a7ef2e2339c2ab34fbea082e9b200823) Importer(815301076,1909f56bfc062723c751e8b465ee728b)  -> (artifact id: '58313046af9cc79b66ade5d8076b44f8') in 0.059890 seconds
  Import took 0.066529 seconds .

========================================================================
Received Import Request.
  Time since last request: 0.000090 seconds.
  path: Assets/Prefabs/Car.prefab
  artifactKey: Guid(0cfb1c91815de9d4d9b6fbee143ab582) Importer(815301076,1909f56bfc062723c751e8b465ee728b)
Start importing Assets/Prefabs/Car.prefab using Guid(0cfb1c91815de9d4d9b6fbee143ab582) Importer(815301076,1909f56bfc062723c751e8b465ee728b)  -> (artifact id: '62f37fc05a060ca17068c911cf0d4ef6') in 0.121986 seconds
  Import took 0.127675 seconds .

========================================================================
Received Import Request.
  Time since last request: 0.000300 seconds.
  path: Assets/Prefabs/trash6.prefab
  artifactKey: Guid(405caa7a53cd65847b957cbe462d5981) Importer(815301076,1909f56bfc062723c751e8b465ee728b)
Start importing Assets/Prefabs/trash6.prefab using Guid(405caa7a53cd65847b957cbe462d5981) Importer(815301076,1909f56bfc062723c751e8b465ee728b)  -> (artifact id: '32a65fabd674229c0dfba673097d95c0') in 0.068755 seconds
  Import took 0.073932 seconds .

========================================================================
Received Import Request.
  Time since last request: 0.000406 seconds.
  path: Assets/Prefabs/trash4.prefab
  artifactKey: Guid(17f902fa4934c5048846a9d257dd1651) Importer(815301076,1909f56bfc062723c751e8b465ee728b)
Start importing Assets/Prefabs/trash4.prefab using Guid(17f902fa4934c5048846a9d257dd1651) Importer(815301076,1909f56bfc062723c751e8b465ee728b)  -> (artifact id: '0a8b52a2bcf20856107e964705ed046a') in 0.074252 seconds
  Import took 0.078875 seconds .

========================================================================
Received Import Request.
  Time since last request: 179.956098 seconds.
  path: Assets/Prefabs/Car.prefab
  artifactKey: Guid(0cfb1c91815de9d4d9b6fbee143ab582) Importer(815301076,1909f56bfc062723c751e8b465ee728b)
Start importing Assets/Prefabs/Car.prefab using Guid(0cfb1c91815de9d4d9b6fbee143ab582) Importer(815301076,1909f56bfc062723c751e8b465ee728b)  -> (artifact id: 'a6b2178782f6003e33144cf91cc7e414') in 0.115344 seconds
  Import took 0.120919 seconds .

========================================================================
Received Import Request.
  Time since last request: 3.801709 seconds.
  path: Assets/Flat icoon n UI/icon 512/back_512.png
  artifactKey: Guid(fd01ac8299ff1da4fb4689558d08325d) Importer(815301076,1909f56bfc062723c751e8b465ee728b)
Start importing Assets/Flat icoon n UI/icon 512/back_512.png using Guid(fd01ac8299ff1da4fb4689558d08325d) Importer(815301076,1909f56bfc062723c751e8b465ee728b)  -> (artifact id: 'a6ec54e928c85f4d7d1853fef7ce9e1a') in 0.172309 seconds
  Import took 0.182673 seconds .

========================================================================
Received Import Request.
  Time since last request: 0.000162 seconds.
  path: Assets/Flat icoon n UI/icon 1024/back_1024.png
  artifactKey: Guid(3614dae005161ff4d8a3bdaef16a8e1f) Importer(815301076,1909f56bfc062723c751e8b465ee728b)
Start importing Assets/Flat icoon n UI/icon 1024/back_1024.png using Guid(3614dae005161ff4d8a3bdaef16a8e1f) Importer(815301076,1909f56bfc062723c751e8b465ee728b)  -> (artifact id: 'a82eb15766ba904d6b1fef1a36b43b3f') in 0.096003 seconds
  Import took 0.104080 seconds .

========================================================================
Received Import Request.
  Time since last request: 0.005600 seconds.
  path: Assets/Flat icoon n UI/icon 1024/back_1024.png
  artifactKey: Guid(3614dae005161ff4d8a3bdaef16a8e1f) Importer(815301076,1909f56bfc062723c751e8b465ee728b)
Start importing Assets/Flat icoon n UI/icon 1024/back_1024.png using Guid(3614dae005161ff4d8a3bdaef16a8e1f) Importer(815301076,1909f56bfc062723c751e8b465ee728b)  -> (artifact id: 'a82eb15766ba904d6b1fef1a36b43b3f') in 0.082295 seconds
  Import took 0.088331 seconds .

========================================================================
Received Import Request.
  Time since last request: 0.298776 seconds.
  path: Assets/Flat icoon n UI/icon 512/cancle_512.png
  artifactKey: Guid(5f2b69827c0f7fc45bcff42d44d0fad0) Importer(815301076,1909f56bfc062723c751e8b465ee728b)
Start importing Assets/Flat icoon n UI/icon 512/cancle_512.png using Guid(5f2b69827c0f7fc45bcff42d44d0fad0) Importer(815301076,1909f56bfc062723c751e8b465ee728b)  -> (artifact id: '447ec09bd411f03da38d26d051a2e4be') in 0.154678 seconds
  Import took 0.159558 seconds .

========================================================================
Received Import Request.
  Time since last request: 0.000308 seconds.
  path: Assets/Flat icoon n UI/icon 1024/cancle_1024.png
  artifactKey: Guid(6fc633512335b634b8de99a9aa8cae81) Importer(815301076,1909f56bfc062723c751e8b465ee728b)
Start importing Assets/Flat icoon n UI/icon 1024/cancle_1024.png using Guid(6fc633512335b634b8de99a9aa8cae81) Importer(815301076,1909f56bfc062723c751e8b465ee728b)  -> (artifact id: '9ec6fe2e57fdfa005124c33d07417971') in 1.163913 seconds
  Import took 1.169620 seconds .

========================================================================
Received Import Request.
  Time since last request: 0.000600 seconds.
  path: Assets/Flat icoon n UI/icon 512/effect_512_01.png
  artifactKey: Guid(f2a19e23d5b1b2246a91a014b993457d) Importer(815301076,1909f56bfc062723c751e8b465ee728b)
Start importing Assets/Flat icoon n UI/icon 512/effect_512_01.png using Guid(f2a19e23d5b1b2246a91a014b993457d) Importer(815301076,1909f56bfc062723c751e8b465ee728b)  -> (artifact id: 'a54a71d61c743bd2ec0b105626af2931') in 0.082666 seconds
  Import took 0.087183 seconds .

========================================================================
Received Import Request.
  Time since last request: 0.000298 seconds.
  path: Assets/Flat icoon n UI/icon 1024/effect_1024_02.png
  artifactKey: Guid(e5aa9fa48218818458b4fa654c8ac5b8) Importer(815301076,1909f56bfc062723c751e8b465ee728b)
Start importing Assets/Flat icoon n UI/icon 1024/effect_1024_02.png using Guid(e5aa9fa48218818458b4fa654c8ac5b8) Importer(815301076,1909f56bfc062723c751e8b465ee728b)  -> (artifact id: 'd582f0ccdae65251cbd7ea27e2f286d7') in 0.102920 seconds
  Import took 0.107606 seconds .

========================================================================
Received Import Request.
  Time since last request: 0.000312 seconds.
  path: Assets/Flat icoon n UI/icon 1024/effect_1024_01.png
  artifactKey: Guid(d8aca94b0d2012a46835d76308ee979f) Importer(815301076,1909f56bfc062723c751e8b465ee728b)
Start importing Assets/Flat icoon n UI/icon 1024/effect_1024_01.png using Guid(d8aca94b0d2012a46835d76308ee979f) Importer(815301076,1909f56bfc062723c751e8b465ee728b)  -> (artifact id: '16014a2428e7604a92087d61c8a25cef') in 0.105158 seconds
  Import took 0.109398 seconds .

========================================================================
Received Import Request.
  Time since last request: 0.000290 seconds.
  path: Assets/Flat icoon n UI/icon 512/effect_512_02.png
  artifactKey: Guid(8bcfcacf7ea52084b9851212321cd6d0) Importer(815301076,1909f56bfc062723c751e8b465ee728b)
Start importing Assets/Flat icoon n UI/icon 512/effect_512_02.png using Guid(8bcfcacf7ea52084b9851212321cd6d0) Importer(815301076,1909f56bfc062723c751e8b465ee728b)  -> (artifact id: '3d309fa059fa983759de64aad627cf83') in 0.132614 seconds
  Import took 0.139502 seconds .

========================================================================
Received Import Request.
  Time since last request: 0.000420 seconds.
  path: Assets/Flat icoon n UI/icon 1024/game_start_1024.png
  artifactKey: Guid(95cdfed9003ffb0459fb6289f6443b31) Importer(815301076,1909f56bfc062723c751e8b465ee728b)
Start importing Assets/Flat icoon n UI/icon 1024/game_start_1024.png using Guid(95cdfed9003ffb0459fb6289f6443b31) Importer(815301076,1909f56bfc062723c751e8b465ee728b)  -> (artifact id: '60e42827e83bfeb5acbe431d69f7ab10') in 0.115810 seconds
  Import took 0.142329 seconds .

========================================================================
Received Import Request.
  Time since last request: 0.000322 seconds.
  path: Assets/Flat icoon n UI/icon 512/game_start_512.png
  artifactKey: Guid(9563ac033f7dd5c4486b606d75be23c1) Importer(815301076,1909f56bfc062723c751e8b465ee728b)
Start importing Assets/Flat icoon n UI/icon 512/game_start_512.png using Guid(9563ac033f7dd5c4486b606d75be23c1) Importer(815301076,1909f56bfc062723c751e8b465ee728b)  -> (artifact id: '044e991a798f059bb1fc12f722417b82') in 0.059313 seconds
  Import took 0.120874 seconds .

========================================================================
Received Import Request.
  Time since last request: 3.486059 seconds.
  path: Assets/Prefabs/Car.prefab
  artifactKey: Guid(0cfb1c91815de9d4d9b6fbee143ab582) Importer(815301076,1909f56bfc062723c751e8b465ee728b)
Start importing Assets/Prefabs/Car.prefab using Guid(0cfb1c91815de9d4d9b6fbee143ab582) Importer(815301076,1909f56bfc062723c751e8b465ee728b)  -> (artifact id: '6cd530ee1d0ca91c1f45ad1d93742b93') in 0.091849 seconds
  Import took 0.097840 seconds .

========================================================================
Received Import Request.
  Time since last request: 9.434342 seconds.
  path: Assets/Prefabs/Car.prefab
  artifactKey: Guid(0cfb1c91815de9d4d9b6fbee143ab582) Importer(815301076,1909f56bfc062723c751e8b465ee728b)
Start importing Assets/Prefabs/Car.prefab using Guid(0cfb1c91815de9d4d9b6fbee143ab582) Importer(815301076,1909f56bfc062723c751e8b465ee728b)  -> (artifact id: '33d34accecda741b7ced0cfe9d3c8f33') in 0.073472 seconds
  Import took 0.085772 seconds .

========================================================================
Received Import Request.
  Time since last request: 0.512199 seconds.
  path: Assets/Prefabs/Car.prefab
  artifactKey: Guid(0cfb1c91815de9d4d9b6fbee143ab582) Importer(815301076,1909f56bfc062723c751e8b465ee728b)
Start importing Assets/Prefabs/Car.prefab using Guid(0cfb1c91815de9d4d9b6fbee143ab582) Importer(815301076,1909f56bfc062723c751e8b465ee728b)  -> (artifact id: '94a91ec8d59ac6b011d04e61a26b9aa7') in 0.074243 seconds
  Import took 0.081431 seconds .

========================================================================
Received Import Request.
  Time since last request: 0.749746 seconds.
  path: Assets/Prefabs/Car.prefab
  artifactKey: Guid(0cfb1c91815de9d4d9b6fbee143ab582) Importer(815301076,1909f56bfc062723c751e8b465ee728b)
Start importing Assets/Prefabs/Car.prefab using Guid(0cfb1c91815de9d4d9b6fbee143ab582) Importer(815301076,1909f56bfc062723c751e8b465ee728b)  -> (artifact id: '7414824f91ebdaf9fafc6aa610609f55') in 0.057628 seconds
  Import took 0.064254 seconds .

========================================================================
Received Import Request.
  Time since last request: 1.897280 seconds.
  path: Assets/Prefabs/Car.prefab
  artifactKey: Guid(0cfb1c91815de9d4d9b6fbee143ab582) Importer(815301076,1909f56bfc062723c751e8b465ee728b)
Start importing Assets/Prefabs/Car.prefab using Guid(0cfb1c91815de9d4d9b6fbee143ab582) Importer(815301076,1909f56bfc062723c751e8b465ee728b)  -> (artifact id: 'efedccf8889d9c75bfb6e911dca09357') in 0.057739 seconds
  Import took 0.068559 seconds .

========================================================================
Received Import Request.
  Time since last request: 4.298723 seconds.
  path: Assets/Prefabs/Car.prefab
  artifactKey: Guid(0cfb1c91815de9d4d9b6fbee143ab582) Importer(815301076,1909f56bfc062723c751e8b465ee728b)
Start importing Assets/Prefabs/Car.prefab using Guid(0cfb1c91815de9d4d9b6fbee143ab582) Importer(815301076,1909f56bfc062723c751e8b465ee728b)  -> (artifact id: 'e553a55a90c30b9a0fcf5c83ca580328') in 0.095542 seconds
  Import took 0.101552 seconds .

========================================================================
Received Import Request.
  Time since last request: 1.732305 seconds.
  path: Assets/Prefabs/Car.prefab
  artifactKey: Guid(0cfb1c91815de9d4d9b6fbee143ab582) Importer(815301076,1909f56bfc062723c751e8b465ee728b)
Start importing Assets/Prefabs/Car.prefab using Guid(0cfb1c91815de9d4d9b6fbee143ab582) Importer(815301076,1909f56bfc062723c751e8b465ee728b)  -> (artifact id: '829b2128aaf313605805ef792aa23917') in 0.069539 seconds
  Import took 0.079538 seconds .

========================================================================
Received Import Request.
  Time since last request: 2.762322 seconds.
  path: Assets/Prefabs/Car.prefab
  artifactKey: Guid(0cfb1c91815de9d4d9b6fbee143ab582) Importer(815301076,1909f56bfc062723c751e8b465ee728b)
Start importing Assets/Prefabs/Car.prefab using Guid(0cfb1c91815de9d4d9b6fbee143ab582) Importer(815301076,1909f56bfc062723c751e8b465ee728b)  -> (artifact id: 'e364fe55a4c49a6398c12055097f347d') in 0.063720 seconds
  Import took 0.071888 seconds .

========================================================================
Received Import Request.
  Time since last request: 9.616513 seconds.
  path: Assets/Prefabs/Car.prefab
  artifactKey: Guid(0cfb1c91815de9d4d9b6fbee143ab582) Importer(815301076,1909f56bfc062723c751e8b465ee728b)
Start importing Assets/Prefabs/Car.prefab using Guid(0cfb1c91815de9d4d9b6fbee143ab582) Importer(815301076,1909f56bfc062723c751e8b465ee728b)  -> (artifact id: '50f1d3b62f7fcc408184ad61f9035baa') in 0.089138 seconds
  Import took 0.094594 seconds .

========================================================================
Received Import Request.
  Time since last request: 276.021826 seconds.
  path: Assets/tc_bumper.png
  artifactKey: Guid(7331e41e187081942852c71ee41d5eba) Importer(815301076,1909f56bfc062723c751e8b465ee728b)
Start importing Assets/tc_bumper.png using Guid(7331e41e187081942852c71ee41d5eba) Importer(815301076,1909f56bfc062723c751e8b465ee728b)  -> (artifact id: 'fe57638452bb0cae644bd31a6d618808') in 0.024215 seconds
  Import took 0.028408 seconds .

========================================================================
Received Import Request.
  Time since last request: 4.177943 seconds.
  path: Assets/Scripts
  artifactKey: Guid(1be7d0fe2faeaa347ae688968ac6f059) Importer(815301076,1909f56bfc062723c751e8b465ee728b)
Start importing Assets/Scripts using Guid(1be7d0fe2faeaa347ae688968ac6f059) Importer(815301076,1909f56bfc062723c751e8b465ee728b)  -> (artifact id: '524b9996cb24a9ea962fea3ab5b7acf2') in 0.027241 seconds
  Import took 0.032955 seconds .

========================================================================
Received Prepare
Registering precompiled user dll's ...
Registered in 0.005523 seconds.
Begin MonoManager ReloadAssembly
Native extension for WindowsStandalone target not found
Refreshing native plugins compatible for Editor in 0.55 ms, found 1 plugins.
Preloading 0 native plugins for Editor in 0.00 ms.
Invoked RoslynAnalysisRunner static constructor.
RoslynAnalysisRunner will not be running.
RoslynAnalysisRunner has terminated.
Mono: successfully reloaded assembly
- Completed reload, in  2.297 seconds
Platform modules already initialized, skipping
Refreshing native plugins compatible for Editor in 0.54 ms, found 1 plugins.
Preloading 0 native plugins for Editor in 0.00 ms.
Unloading 1771 Unused Serialized files (Serialized files now loaded: 0)
System memory in use before: 89.8 MB.
System memory in use after: 89.9 MB.

Unloading 8 unused Assets to reduce memory usage. Loaded Objects now: 2243.
Total: 3.047000 ms (FindLiveObjects: 0.267600 ms CreateObjectMapping: 0.249600 ms MarkObjects: 2.488700 ms  DeleteObjects: 0.036400 ms)

========================================================================
Received Import Request.
  Time since last request: 23.108893 seconds.
  path: Assets/Scripts/Scrolling.cs
  artifactKey: Guid(5094aaccf3a3ed542b5e18714e15c6e1) Importer(815301076,1909f56bfc062723c751e8b465ee728b)
Start importing Assets/Scripts/Scrolling.cs using Guid(5094aaccf3a3ed542b5e18714e15c6e1) Importer(815301076,1909f56bfc062723c751e8b465ee728b)  -> (artifact id: 'c2715c8f5fd6a7596434509234cec396') in 0.028555 seconds
  Import took 0.034252 seconds .

========================================================================
Received Import Request.
  Time since last request: 5.103486 seconds.
  path: Assets/Prefabs/trash7.prefab
  artifactKey: Guid(827e1dc0c281fd14a8428cce10eb0323) Importer(815301076,1909f56bfc062723c751e8b465ee728b)
Start importing Assets/Prefabs/trash7.prefab using Guid(827e1dc0c281fd14a8428cce10eb0323) Importer(815301076,1909f56bfc062723c751e8b465ee728b)  -> (artifact id: '769b0ed2db5d869ea870c73f7f7dac13') in 0.177442 seconds
  Import took 0.185760 seconds .

========================================================================
Received Import Request.
  Time since last request: 0.000291 seconds.
  path: Assets/Prefabs/trash2.prefab
  artifactKey: Guid(087299eefe7547c439a54a5f3de63b15) Importer(815301076,1909f56bfc062723c751e8b465ee728b)
Start importing Assets/Prefabs/trash2.prefab using Guid(087299eefe7547c439a54a5f3de63b15) Importer(815301076,1909f56bfc062723c751e8b465ee728b)  -> (artifact id: 'caa054a5827ca6f1decbbdfb24060c7a') in 0.082910 seconds
  Import took 0.087470 seconds .

========================================================================
Received Import Request.
  Time since last request: 0.000305 seconds.
  path: Assets/Prefabs/trash5.prefab
  artifactKey: Guid(b79f03e91406729429e6f7541ad4cb01) Importer(815301076,1909f56bfc062723c751e8b465ee728b)
Start importing Assets/Prefabs/trash5.prefab using Guid(b79f03e91406729429e6f7541ad4cb01) Importer(815301076,1909f56bfc062723c751e8b465ee728b)  -> (artifact id: '1a47303c58fcac18f5b0a15684aeb3f7') in 0.061276 seconds
  Import took 0.066532 seconds .

========================================================================
Received Import Request.
  Time since last request: 0.000090 seconds.
  path: Assets/Prefabs/trash8.prefab
  artifactKey: Guid(2c552a973b39260418f30d91a1c93024) Importer(815301076,1909f56bfc062723c751e8b465ee728b)
Start importing Assets/Prefabs/trash8.prefab using Guid(2c552a973b39260418f30d91a1c93024) Importer(815301076,1909f56bfc062723c751e8b465ee728b)  -> (artifact id: 'd84ac1616a3c3e79d6ff0f61048ca718') in 0.087861 seconds
  Import took 0.102856 seconds .

========================================================================
Received Import Request.
  Time since last request: 0.001662 seconds.
  path: Assets/Prefabs/trash3.prefab
  artifactKey: Guid(fd1697bcd1623d142af962ad9a2502a9) Importer(815301076,1909f56bfc062723c751e8b465ee728b)
Start importing Assets/Prefabs/trash3.prefab using Guid(fd1697bcd1623d142af962ad9a2502a9) Importer(815301076,1909f56bfc062723c751e8b465ee728b)  -> (artifact id: 'a1d0acce4572821f79bba1706babed6d') in 0.055484 seconds
  Import took 0.072647 seconds .

========================================================================
Received Import Request.
  Time since last request: 0.001225 seconds.
  path: Assets/Prefabs/trash1.prefab
  artifactKey: Guid(a7ef2e2339c2ab34fbea082e9b200823) Importer(815301076,1909f56bfc062723c751e8b465ee728b)
Start importing Assets/Prefabs/trash1.prefab using Guid(a7ef2e2339c2ab34fbea082e9b200823) Importer(815301076,1909f56bfc062723c751e8b465ee728b)  -> (artifact id: '496fd1af5c23ca43fb17e18cfe931483') in 0.067908 seconds
  Import took 0.076554 seconds .

========================================================================
Received Import Request.
  Time since last request: 0.000433 seconds.
  path: Assets/Prefabs/trash6.prefab
  artifactKey: Guid(405caa7a53cd65847b957cbe462d5981) Importer(815301076,1909f56bfc062723c751e8b465ee728b)
Start importing Assets/Prefabs/trash6.prefab using Guid(405caa7a53cd65847b957cbe462d5981) Importer(815301076,1909f56bfc062723c751e8b465ee728b)  -> (artifact id: '68ae36d81a0dde7e61a3abe009dd385b') in 0.031638 seconds
  Import took 0.036887 seconds .

========================================================================
Received Import Request.
  Time since last request: 0.000347 seconds.
  path: Assets/Prefabs/trash1.prefab
  artifactKey: Guid(a7ef2e2339c2ab34fbea082e9b200823) Importer(815301076,1909f56bfc062723c751e8b465ee728b)
Start importing Assets/Prefabs/trash1.prefab using Guid(a7ef2e2339c2ab34fbea082e9b200823) Importer(815301076,1909f56bfc062723c751e8b465ee728b)  -> (artifact id: '496fd1af5c23ca43fb17e18cfe931483') in 0.081764 seconds
  Import took 0.086853 seconds .

========================================================================
Received Import Request.
  Time since last request: 0.000323 seconds.
  path: Assets/Prefabs/trash4.prefab
  artifactKey: Guid(17f902fa4934c5048846a9d257dd1651) Importer(815301076,1909f56bfc062723c751e8b465ee728b)
Start importing Assets/Prefabs/trash4.prefab using Guid(17f902fa4934c5048846a9d257dd1651) Importer(815301076,1909f56bfc062723c751e8b465ee728b)  -> (artifact id: 'b5eaa26e59e87887ae0b51039119ca55') in 0.029654 seconds
  Import took 0.034540 seconds .

========================================================================
Received Import Request.
  Time since last request: 55.662775 seconds.
  path: Assets/Prefabs/Car.prefab
  artifactKey: Guid(0cfb1c91815de9d4d9b6fbee143ab582) Importer(815301076,1909f56bfc062723c751e8b465ee728b)
Start importing Assets/Prefabs/Car.prefab using Guid(0cfb1c91815de9d4d9b6fbee143ab582) Importer(815301076,1909f56bfc062723c751e8b465ee728b)  -> (artifact id: '0d10f87d04399335f55a22ebcc93ed6d') in 0.072936 seconds
  Import took 0.078807 seconds .

========================================================================
Received Import Request.
  Time since last request: 6.000427 seconds.
  path: Assets/Flat icoon n UI/star_2_01.png
  artifactKey: Guid(f5db6f0d9a8dac04bbc1617441e56997) Importer(815301076,1909f56bfc062723c751e8b465ee728b)
Start importing Assets/Flat icoon n UI/star_2_01.png using Guid(f5db6f0d9a8dac04bbc1617441e56997) Importer(815301076,1909f56bfc062723c751e8b465ee728b)  -> (artifact id: '7ed26014d67b135b8abe780e63696028') in 0.063995 seconds
  Import took 0.085780 seconds .

========================================================================
Received Import Request.
  Time since last request: 0.000309 seconds.
  path: Assets/Flat icoon n UI/icon 1024/icon_1024_4_01.png
  artifactKey: Guid(72127b792ab652a45b449fa69f668035) Importer(815301076,1909f56bfc062723c751e8b465ee728b)
Start importing Assets/Flat icoon n UI/icon 1024/icon_1024_4_01.png using Guid(72127b792ab652a45b449fa69f668035) Importer(815301076,1909f56bfc062723c751e8b465ee728b)  -> (artifact id: '2a2133f1f0f4ec6963b89590c9660c75') in 1.019234 seconds
  Import took 1.023753 seconds .

========================================================================
Received Import Request.
  Time since last request: 0.000348 seconds.
  path: Assets/Flat icoon n UI/icon 1024/icon_1024_5_03.png
  artifactKey: Guid(ae4317854f1f08e46b9f2e8c19265a0f) Importer(815301076,1909f56bfc062723c751e8b465ee728b)
Start importing Assets/Flat icoon n UI/icon 1024/icon_1024_5_03.png using Guid(ae4317854f1f08e46b9f2e8c19265a0f) Importer(815301076,1909f56bfc062723c751e8b465ee728b)  -> (artifact id: '947704b2e7e6cba09a76619af7f4f33f') in 0.336018 seconds
  Import took 0.358292 seconds .

========================================================================
Received Import Request.
  Time since last request: 0.017223 seconds.
  path: Assets/Flat icoon n UI/icon_120_03.png
  artifactKey: Guid(22420c88d72683047b6d80be6b325148) Importer(815301076,1909f56bfc062723c751e8b465ee728b)
Start importing Assets/Flat icoon n UI/icon_120_03.png using Guid(22420c88d72683047b6d80be6b325148) Importer(815301076,1909f56bfc062723c751e8b465ee728b)  -> (artifact id: '68703ab6c48faccdd697069e832b6717') in 0.045668 seconds
  Import took 0.049720 seconds .

========================================================================
Received Import Request.
  Time since last request: 0.000278 seconds.
  path: Assets/Flat icoon n UI/icon 512/icon_512_3_02.png
  artifactKey: Guid(1ae3a0ec1cf673f4dba4d8ad10f5c7b6) Importer(815301076,1909f56bfc062723c751e8b465ee728b)
Start importing Assets/Flat icoon n UI/icon 512/icon_512_3_02.png using Guid(1ae3a0ec1cf673f4dba4d8ad10f5c7b6) Importer(815301076,1909f56bfc062723c751e8b465ee728b)  -> (artifact id: '984fbabf10185c64a8e147cd377835d9') in 0.038787 seconds
  Import took 0.087229 seconds .

========================================================================
Received Import Request.
  Time since last request: 0.000283 seconds.
  path: Assets/Flat icoon n UI/icon 1024/icon_1024_5_07.png
  artifactKey: Guid(b4a337621a402534c9b47472976643fe) Importer(815301076,1909f56bfc062723c751e8b465ee728b)
Start importing Assets/Flat icoon n UI/icon 1024/icon_1024_5_07.png using Guid(b4a337621a402534c9b47472976643fe) Importer(815301076,1909f56bfc062723c751e8b465ee728b)  -> (artifact id: '110419cc70f6f2b067ad33d28aa2c826') in 0.204175 seconds
  Import took 0.208024 seconds .

========================================================================
Received Import Request.
  Time since last request: 0.000258 seconds.
  path: Assets/Prefabs/Car.prefab
  artifactKey: Guid(0cfb1c91815de9d4d9b6fbee143ab582) Importer(815301076,1909f56bfc062723c751e8b465ee728b)
Start importing Assets/Prefabs/Car.prefab using Guid(0cfb1c91815de9d4d9b6fbee143ab582) Importer(815301076,1909f56bfc062723c751e8b465ee728b)  -> (artifact id: '8ef747b446761b41431c0fddee3acff3') in 0.053289 seconds
  Import took 0.059527 seconds .

========================================================================
Received Prepare
Registering precompiled user dll's ...
Registered in 0.005489 seconds.
Begin MonoManager ReloadAssembly
Native extension for WindowsStandalone target not found
Refreshing native plugins compatible for Editor in 0.41 ms, found 1 plugins.
Preloading 0 native plugins for Editor in 0.00 ms.
Invoked RoslynAnalysisRunner static constructor.
RoslynAnalysisRunner will not be running.
RoslynAnalysisRunner has terminated.
Mono: successfully reloaded assembly
- Completed reload, in  1.834 seconds
Platform modules already initialized, skipping
Refreshing native plugins compatible for Editor in 0.58 ms, found 1 plugins.
Preloading 0 native plugins for Editor in 0.00 ms.
Unloading 1771 Unused Serialized files (Serialized files now loaded: 0)
System memory in use before: 90.0 MB.
System memory in use after: 90.1 MB.

Unloading 8 unused Assets to reduce memory usage. Loaded Objects now: 2250.
Total: 3.596400 ms (FindLiveObjects: 0.248400 ms CreateObjectMapping: 0.105300 ms MarkObjects: 3.212300 ms  DeleteObjects: 0.027700 ms)

========================================================================
Received Prepare
Registering precompiled user dll's ...
Registered in 0.005025 seconds.
Begin MonoManager ReloadAssembly
Native extension for WindowsStandalone target not found
Refreshing native plugins compatible for Editor in 0.47 ms, found 1 plugins.
Preloading 0 native plugins for Editor in 0.00 ms.
Invoked RoslynAnalysisRunner static constructor.
RoslynAnalysisRunner will not be running.
RoslynAnalysisRunner has terminated.
Mono: successfully reloaded assembly
- Completed reload, in  2.526 seconds
Platform modules already initialized, skipping
Refreshing native plugins compatible for Editor in 0.51 ms, found 1 plugins.
Preloading 0 native plugins for Editor in 0.00 ms.
Unloading 1771 Unused Serialized files (Serialized files now loaded: 0)
System memory in use before: 90.1 MB.
System memory in use after: 90.2 MB.

Unloading 8 unused Assets to reduce memory usage. Loaded Objects now: 2252.
Total: 2.621500 ms (FindLiveObjects: 0.224800 ms CreateObjectMapping: 0.098100 ms MarkObjects: 2.268400 ms  DeleteObjects: 0.025400 ms)

========================================================================
Received Prepare
Registering precompiled user dll's ...
Registered in 0.005026 seconds.
Begin MonoManager ReloadAssembly
Native extension for WindowsStandalone target not found
Refreshing native plugins compatible for Editor in 0.45 ms, found 1 plugins.
Preloading 0 native plugins for Editor in 0.00 ms.
Invoked RoslynAnalysisRunner static constructor.
RoslynAnalysisRunner will not be running.
RoslynAnalysisRunner has terminated.
Mono: successfully reloaded assembly
- Completed reload, in  1.969 seconds
Platform modules already initialized, skipping
Refreshing native plugins compatible for Editor in 0.42 ms, found 1 plugins.
Preloading 0 native plugins for Editor in 0.00 ms.
Unloading 1771 Unused Serialized files (Serialized files now loaded: 0)
System memory in use before: 90.2 MB.
System memory in use after: 90.4 MB.

Unloading 8 unused Assets to reduce memory usage. Loaded Objects now: 2254.
Total: 2.233200 ms (FindLiveObjects: 0.212000 ms CreateObjectMapping: 0.086600 ms MarkObjects: 1.911000 ms  DeleteObjects: 0.021600 ms)

========================================================================
Received Prepare
Registering precompiled user dll's ...
Registered in 0.007864 seconds.
Begin MonoManager ReloadAssembly
Native extension for WindowsStandalone target not found
Refreshing native plugins compatible for Editor in 0.45 ms, found 1 plugins.
Preloading 0 native plugins for Editor in 0.00 ms.
Invoked RoslynAnalysisRunner static constructor.
RoslynAnalysisRunner will not be running.
RoslynAnalysisRunner has terminated.
Mono: successfully reloaded assembly
- Completed reload, in  2.682 seconds
Platform modules already initialized, skipping
Refreshing native plugins compatible for Editor in 0.44 ms, found 1 plugins.
Preloading 0 native plugins for Editor in 0.00 ms.
Unloading 1771 Unused Serialized files (Serialized files now loaded: 0)
System memory in use before: 90.4 MB.
System memory in use after: 90.5 MB.

Unloading 8 unused Assets to reduce memory usage. Loaded Objects now: 2256.
Total: 2.732100 ms (FindLiveObjects: 0.286900 ms CreateObjectMapping: 0.121300 ms MarkObjects: 2.296500 ms  DeleteObjects: 0.025000 ms)

========================================================================
Received Prepare
Registering precompiled user dll's ...
Registered in 0.013334 seconds.
Begin MonoManager ReloadAssembly
Native extension for WindowsStandalone target not found
Refreshing native plugins compatible for Editor in 0.54 ms, found 1 plugins.
Preloading 0 native plugins for Editor in 0.00 ms.
Invoked RoslynAnalysisRunner static constructor.
RoslynAnalysisRunner will not be running.
RoslynAnalysisRunner has terminated.
Mono: successfully reloaded assembly
- Completed reload, in  3.709 seconds
Platform modules already initialized, skipping
Refreshing native plugins compatible for Editor in 0.46 ms, found 1 plugins.
Preloading 0 native plugins for Editor in 0.00 ms.
Unloading 1771 Unused Serialized files (Serialized files now loaded: 0)
System memory in use before: 90.5 MB.
System memory in use after: 90.6 MB.

Unloading 8 unused Assets to reduce memory usage. Loaded Objects now: 2258.
Total: 2.640400 ms (FindLiveObjects: 0.257600 ms CreateObjectMapping: 0.104700 ms MarkObjects: 2.251600 ms  DeleteObjects: 0.024000 ms)

========================================================================
Received Prepare
Registering precompiled user dll's ...
Registered in 0.006477 seconds.
Begin MonoManager ReloadAssembly
Native extension for WindowsStandalone target not found
Refreshing native plugins compatible for Editor in 0.49 ms, found 1 plugins.
Preloading 0 native plugins for Editor in 0.00 ms.
Invoked RoslynAnalysisRunner static constructor.
RoslynAnalysisRunner will not be running.
RoslynAnalysisRunner has terminated.
Mono: successfully reloaded assembly
- Completed reload, in  2.092 seconds
Platform modules already initialized, skipping
Refreshing native plugins compatible for Editor in 0.66 ms, found 1 plugins.
Preloading 0 native plugins for Editor in 0.00 ms.
Unloading 1771 Unused Serialized files (Serialized files now loaded: 0)
System memory in use before: 90.6 MB.
System memory in use after: 90.7 MB.

Unloading 8 unused Assets to reduce memory usage. Loaded Objects now: 2260.
Total: 2.658000 ms (FindLiveObjects: 0.230800 ms CreateObjectMapping: 0.101200 ms MarkObjects: 2.297300 ms  DeleteObjects: 0.026700 ms)

========================================================================
Received Prepare
Registering precompiled user dll's ...
Registered in 0.004036 seconds.
Begin MonoManager ReloadAssembly
Native extension for WindowsStandalone target not found
Refreshing native plugins compatible for Editor in 0.53 ms, found 1 plugins.
Preloading 0 native plugins for Editor in 0.00 ms.
Invoked RoslynAnalysisRunner static constructor.
RoslynAnalysisRunner will not be running.
RoslynAnalysisRunner has terminated.
Mono: successfully reloaded assembly
- Completed reload, in  1.969 seconds
Platform modules already initialized, skipping
Refreshing native plugins compatible for Editor in 0.55 ms, found 1 plugins.
Preloading 0 native plugins for Editor in 0.00 ms.
Unloading 1771 Unused Serialized files (Serialized files now loaded: 0)
System memory in use before: 90.7 MB.
System memory in use after: 90.8 MB.

Unloading 8 unused Assets to reduce memory usage. Loaded Objects now: 2262.
Total: 2.769900 ms (FindLiveObjects: 0.293200 ms CreateObjectMapping: 0.137100 ms MarkObjects: 2.314900 ms  DeleteObjects: 0.022200 ms)

========================================================================
Received Prepare
Registering precompiled user dll's ...
Registered in 0.004820 seconds.
Begin MonoManager ReloadAssembly
Native extension for WindowsStandalone target not found
Refreshing native plugins compatible for Editor in 0.49 ms, found 1 plugins.
Preloading 0 native plugins for Editor in 0.00 ms.
Invoked RoslynAnalysisRunner static constructor.
RoslynAnalysisRunner will not be running.
RoslynAnalysisRunner has terminated.
Mono: successfully reloaded assembly
- Completed reload, in  2.124 seconds
Platform modules already initialized, skipping
Refreshing native plugins compatible for Editor in 0.46 ms, found 1 plugins.
Preloading 0 native plugins for Editor in 0.00 ms.
Unloading 1771 Unused Serialized files (Serialized files now loaded: 0)
System memory in use before: 90.7 MB.
System memory in use after: 90.8 MB.

Unloading 8 unused Assets to reduce memory usage. Loaded Objects now: 2264.
Total: 3.970400 ms (FindLiveObjects: 0.392300 ms CreateObjectMapping: 0.346700 ms MarkObjects: 3.199000 ms  DeleteObjects: 0.029900 ms)

========================================================================
Received Prepare
Registering precompiled user dll's ...
Registered in 0.014319 seconds.
Begin MonoManager ReloadAssembly
Native extension for WindowsStandalone target not found
Refreshing native plugins compatible for Editor in 0.62 ms, found 1 plugins.
Preloading 0 native plugins for Editor in 0.00 ms.
Invoked RoslynAnalysisRunner static constructor.
RoslynAnalysisRunner will not be running.
RoslynAnalysisRunner has terminated.
Mono: successfully reloaded assembly
- Completed reload, in  2.380 seconds
Platform modules already initialized, skipping
Refreshing native plugins compatible for Editor in 0.48 ms, found 1 plugins.
Preloading 0 native plugins for Editor in 0.00 ms.
Unloading 1771 Unused Serialized files (Serialized files now loaded: 0)
System memory in use before: 90.9 MB.
System memory in use after: 91.0 MB.

Unloading 8 unused Assets to reduce memory usage. Loaded Objects now: 2266.
Total: 2.813100 ms (FindLiveObjects: 0.244700 ms CreateObjectMapping: 0.103500 ms MarkObjects: 2.440900 ms  DeleteObjects: 0.021700 ms)

========================================================================
Received Prepare
Registering precompiled user dll's ...
Registered in 0.008091 seconds.
Begin MonoManager ReloadAssembly
Native extension for WindowsStandalone target not found
Refreshing native plugins compatible for Editor in 0.45 ms, found 1 plugins.
Preloading 0 native plugins for Editor in 0.00 ms.
Invoked RoslynAnalysisRunner static constructor.
RoslynAnalysisRunner will not be running.
RoslynAnalysisRunner has terminated.
Mono: successfully reloaded assembly
- Completed reload, in  2.112 seconds
Platform modules already initialized, skipping
Refreshing native plugins compatible for Editor in 0.44 ms, found 1 plugins.
Preloading 0 native plugins for Editor in 0.00 ms.
Unloading 1771 Unused Serialized files (Serialized files now loaded: 0)
System memory in use before: 91.0 MB.
System memory in use after: 91.2 MB.

Unloading 8 unused Assets to reduce memory usage. Loaded Objects now: 2268.
Total: 3.252100 ms (FindLiveObjects: 0.237800 ms CreateObjectMapping: 0.206100 ms MarkObjects: 2.779600 ms  DeleteObjects: 0.026300 ms)

========================================================================
Received Prepare
Registering precompiled user dll's ...
Registered in 0.004449 seconds.
Begin MonoManager ReloadAssembly
Native extension for WindowsStandalone target not found
Refreshing native plugins compatible for Editor in 0.45 ms, found 1 plugins.
Preloading 0 native plugins for Editor in 0.00 ms.
Invoked RoslynAnalysisRunner static constructor.
RoslynAnalysisRunner will not be running.
RoslynAnalysisRunner has terminated.
Mono: successfully reloaded assembly
- Completed reload, in  2.156 seconds
Platform modules already initialized, skipping
Refreshing native plugins compatible for Editor in 0.45 ms, found 1 plugins.
Preloading 0 native plugins for Editor in 0.00 ms.
Unloading 1771 Unused Serialized files (Serialized files now loaded: 0)
System memory in use before: 91.2 MB.
System memory in use after: 91.3 MB.

Unloading 8 unused Assets to reduce memory usage. Loaded Objects now: 2270.
Total: 2.526000 ms (FindLiveObjects: 0.253700 ms CreateObjectMapping: 0.097500 ms MarkObjects: 2.148800 ms  DeleteObjects: 0.023700 ms)

========================================================================
Received Prepare
Registering precompiled user dll's ...
Registered in 0.005671 seconds.
Begin MonoManager ReloadAssembly
Native extension for WindowsStandalone target not found
Refreshing native plugins compatible for Editor in 0.62 ms, found 1 plugins.
Preloading 0 native plugins for Editor in 0.00 ms.
Invoked RoslynAnalysisRunner static constructor.
RoslynAnalysisRunner will not be running.
RoslynAnalysisRunner has terminated.
Mono: successfully reloaded assembly
- Completed reload, in  2.154 seconds
Platform modules already initialized, skipping
Refreshing native plugins compatible for Editor in 0.78 ms, found 1 plugins.
Preloading 0 native plugins for Editor in 0.00 ms.
Unloading 1771 Unused Serialized files (Serialized files now loaded: 0)
System memory in use before: 91.3 MB.
System memory in use after: 91.4 MB.

Unloading 8 unused Assets to reduce memory usage. Loaded Objects now: 2272.
Total: 2.885200 ms (FindLiveObjects: 0.277500 ms CreateObjectMapping: 0.184600 ms MarkObjects: 2.397400 ms  DeleteObjects: 0.024000 ms)

========================================================================
Received Prepare
Registering precompiled user dll's ...
Registered in 0.005452 seconds.
Begin MonoManager ReloadAssembly
Native extension for WindowsStandalone target not found
Refreshing native plugins compatible for Editor in 0.42 ms, found 1 plugins.
Preloading 0 native plugins for Editor in 0.00 ms.
Invoked RoslynAnalysisRunner static constructor.
RoslynAnalysisRunner will not be running.
RoslynAnalysisRunner has terminated.
Mono: successfully reloaded assembly
- Completed reload, in  2.106 seconds
Platform modules already initialized, skipping
Refreshing native plugins compatible for Editor in 0.51 ms, found 1 plugins.
Preloading 0 native plugins for Editor in 0.00 ms.
Unloading 1771 Unused Serialized files (Serialized files now loaded: 0)
System memory in use before: 91.4 MB.
System memory in use after: 91.5 MB.

Unloading 8 unused Assets to reduce memory usage. Loaded Objects now: 2274.
Total: 2.843700 ms (FindLiveObjects: 0.232900 ms CreateObjectMapping: 0.176700 ms MarkObjects: 2.407100 ms  DeleteObjects: 0.024500 ms)

========================================================================
Received Prepare
Registering precompiled user dll's ...
Registered in 0.004503 seconds.
Begin MonoManager ReloadAssembly
Native extension for WindowsStandalone target not found
Refreshing native plugins compatible for Editor in 0.49 ms, found 1 plugins.
Preloading 0 native plugins for Editor in 0.00 ms.
Invoked RoslynAnalysisRunner static constructor.
RoslynAnalysisRunner will not be running.
RoslynAnalysisRunner has terminated.
Mono: successfully reloaded assembly
- Completed reload, in  3.954 seconds
Platform modules already initialized, skipping
Refreshing native plugins compatible for Editor in 0.54 ms, found 1 plugins.
Preloading 0 native plugins for Editor in 0.00 ms.
Unloading 1771 Unused Serialized files (Serialized files now loaded: 0)
System memory in use before: 91.5 MB.
System memory in use after: 91.6 MB.

Unloading 8 unused Assets to reduce memory usage. Loaded Objects now: 2276.
Total: 2.783900 ms (FindLiveObjects: 0.258300 ms CreateObjectMapping: 0.166600 ms MarkObjects: 2.333000 ms  DeleteObjects: 0.024000 ms)

========================================================================
Received Prepare
Registering precompiled user dll's ...
Registered in 0.004214 seconds.
Begin MonoManager ReloadAssembly
Native extension for WindowsStandalone target not found
Refreshing native plugins compatible for Editor in 0.46 ms, found 1 plugins.
Preloading 0 native plugins for Editor in 0.00 ms.
Invoked RoslynAnalysisRunner static constructor.
RoslynAnalysisRunner will not be running.
RoslynAnalysisRunner has terminated.
Mono: successfully reloaded assembly
- Completed reload, in  2.190 seconds
Platform modules already initialized, skipping
Refreshing native plugins compatible for Editor in 0.44 ms, found 1 plugins.
Preloading 0 native plugins for Editor in 0.00 ms.
Unloading 1771 Unused Serialized files (Serialized files now loaded: 0)
System memory in use before: 91.6 MB.
System memory in use after: 91.7 MB.

Unloading 8 unused Assets to reduce memory usage. Loaded Objects now: 2278.
Total: 2.797200 ms (FindLiveObjects: 0.232100 ms CreateObjectMapping: 0.101600 ms MarkObjects: 2.435400 ms  DeleteObjects: 0.025500 ms)

========================================================================
Received Prepare
Registering precompiled user dll's ...
Registered in 0.004964 seconds.
Begin MonoManager ReloadAssembly
Native extension for WindowsStandalone target not found
Refreshing native plugins compatible for Editor in 0.59 ms, found 1 plugins.
Preloading 0 native plugins for Editor in 0.00 ms.
Invoked RoslynAnalysisRunner static constructor.
RoslynAnalysisRunner will not be running.
RoslynAnalysisRunner has terminated.
Mono: successfully reloaded assembly
- Completed reload, in  2.168 seconds
Platform modules already initialized, skipping
Refreshing native plugins compatible for Editor in 0.39 ms, found 1 plugins.
Preloading 0 native plugins for Editor in 0.00 ms.
Unloading 1771 Unused Serialized files (Serialized files now loaded: 0)
System memory in use before: 91.7 MB.
System memory in use after: 91.8 MB.

Unloading 8 unused Assets to reduce memory usage. Loaded Objects now: 2280.
Total: 2.180500 ms (FindLiveObjects: 0.210000 ms CreateObjectMapping: 0.089100 ms MarkObjects: 1.858300 ms  DeleteObjects: 0.021400 ms)

========================================================================
Received Prepare
Registering precompiled user dll's ...
Registered in 0.006361 seconds.
Begin MonoManager ReloadAssembly
Native extension for WindowsStandalone target not found
Refreshing native plugins compatible for Editor in 0.48 ms, found 1 plugins.
Preloading 0 native plugins for Editor in 0.00 ms.
Invoked RoslynAnalysisRunner static constructor.
RoslynAnalysisRunner will not be running.
RoslynAnalysisRunner has terminated.
Mono: successfully reloaded assembly
- Completed reload, in  2.228 seconds
Platform modules already initialized, skipping
Refreshing native plugins compatible for Editor in 0.48 ms, found 1 plugins.
Preloading 0 native plugins for Editor in 0.00 ms.
Unloading 1771 Unused Serialized files (Serialized files now loaded: 0)
System memory in use before: 91.8 MB.
System memory in use after: 91.9 MB.

Unloading 8 unused Assets to reduce memory usage. Loaded Objects now: 2282.
Total: 2.647400 ms (FindLiveObjects: 0.239000 ms CreateObjectMapping: 0.092700 ms MarkObjects: 2.290200 ms  DeleteObjects: 0.023400 ms)

========================================================================
Received Prepare
Registering precompiled user dll's ...
Registered in 0.008059 seconds.
Begin MonoManager ReloadAssembly
Native extension for WindowsStandalone target not found
Refreshing native plugins compatible for Editor in 0.45 ms, found 1 plugins.
Preloading 0 native plugins for Editor in 0.00 ms.
Invoked RoslynAnalysisRunner static constructor.
RoslynAnalysisRunner will not be running.
RoslynAnalysisRunner has terminated.
Mono: successfully reloaded assembly
- Completed reload, in  4.592 seconds
Platform modules already initialized, skipping
Refreshing native plugins compatible for Editor in 0.47 ms, found 1 plugins.
Preloading 0 native plugins for Editor in 0.00 ms.
Unloading 1771 Unused Serialized files (Serialized files now loaded: 0)
System memory in use before: 91.0 MB.
System memory in use after: 91.1 MB.

Unloading 8 unused Assets to reduce memory usage. Loaded Objects now: 2284.
Total: 2.575400 ms (FindLiveObjects: 0.246100 ms CreateObjectMapping: 0.094200 ms MarkObjects: 2.203500 ms  DeleteObjects: 0.028900 ms)

========================================================================
Received Prepare
Registering precompiled user dll's ...
Registered in 0.004990 seconds.
Begin MonoManager ReloadAssembly
Native extension for WindowsStandalone target not found
Refreshing native plugins compatible for Editor in 0.49 ms, found 1 plugins.
Preloading 0 native plugins for Editor in 0.00 ms.
Invoked RoslynAnalysisRunner static constructor.
RoslynAnalysisRunner will not be running.
RoslynAnalysisRunner has terminated.
Mono: successfully reloaded assembly
- Completed reload, in  4.099 seconds
Platform modules already initialized, skipping
Refreshing native plugins compatible for Editor in 0.49 ms, found 1 plugins.
Preloading 0 native plugins for Editor in 0.00 ms.
Unloading 1771 Unused Serialized files (Serialized files now loaded: 0)
System memory in use before: 91.1 MB.
System memory in use after: 91.2 MB.

Unloading 8 unused Assets to reduce memory usage. Loaded Objects now: 2286.
Total: 2.884000 ms (FindLiveObjects: 0.226900 ms CreateObjectMapping: 0.092300 ms MarkObjects: 2.538900 ms  DeleteObjects: 0.023700 ms)

========================================================================
Received Prepare
Registering precompiled user dll's ...
Registered in 0.004460 seconds.
Begin MonoManager ReloadAssembly
Native extension for WindowsStandalone target not found
Refreshing native plugins compatible for Editor in 0.45 ms, found 1 plugins.
Preloading 0 native plugins for Editor in 0.00 ms.
Invoked RoslynAnalysisRunner static constructor.
RoslynAnalysisRunner will not be running.
RoslynAnalysisRunner has terminated.
Mono: successfully reloaded assembly
- Completed reload, in  2.187 seconds
Platform modules already initialized, skipping
Refreshing native plugins compatible for Editor in 0.66 ms, found 1 plugins.
Preloading 0 native plugins for Editor in 0.00 ms.
Unloading 1771 Unused Serialized files (Serialized files now loaded: 0)
System memory in use before: 91.2 MB.
System memory in use after: 91.3 MB.

Unloading 8 unused Assets to reduce memory usage. Loaded Objects now: 2288.
Total: 4.499100 ms (FindLiveObjects: 1.483200 ms CreateObjectMapping: 0.595800 ms MarkObjects: 2.392100 ms  DeleteObjects: 0.024800 ms)

========================================================================
Received Prepare
Registering precompiled user dll's ...
Registered in 0.004100 seconds.
Begin MonoManager ReloadAssembly
Native extension for WindowsStandalone target not found
Refreshing native plugins compatible for Editor in 0.69 ms, found 1 plugins.
Preloading 0 native plugins for Editor in 0.00 ms.
Invoked RoslynAnalysisRunner static constructor.
RoslynAnalysisRunner will not be running.
RoslynAnalysisRunner has terminated.
Mono: successfully reloaded assembly
- Completed reload, in  2.730 seconds
Platform modules already initialized, skipping
Refreshing native plugins compatible for Editor in 0.57 ms, found 1 plugins.
Preloading 0 native plugins for Editor in 0.00 ms.
Unloading 1771 Unused Serialized files (Serialized files now loaded: 0)
System memory in use before: 91.3 MB.
System memory in use after: 91.4 MB.

Unloading 8 unused Assets to reduce memory usage. Loaded Objects now: 2290.
Total: 32.419400 ms (FindLiveObjects: 0.604400 ms CreateObjectMapping: 0.709800 ms MarkObjects: 31.078500 ms  DeleteObjects: 0.024300 ms)

========================================================================
Received Prepare
Registering precompiled user dll's ...
Registered in 0.005100 seconds.
Begin MonoManager ReloadAssembly
Native extension for WindowsStandalone target not found
Refreshing native plugins compatible for Editor in 0.46 ms, found 1 plugins.
Preloading 0 native plugins for Editor in 0.00 ms.
Invoked RoslynAnalysisRunner static constructor.
RoslynAnalysisRunner will not be running.
RoslynAnalysisRunner has terminated.
Mono: successfully reloaded assembly
- Completed reload, in  2.020 seconds
Platform modules already initialized, skipping
Refreshing native plugins compatible for Editor in 0.44 ms, found 1 plugins.
Preloading 0 native plugins for Editor in 0.00 ms.
Unloading 1771 Unused Serialized files (Serialized files now loaded: 0)
System memory in use before: 91.4 MB.
System memory in use after: 91.5 MB.

Unloading 8 unused Assets to reduce memory usage. Loaded Objects now: 2292.
Total: 2.651800 ms (FindLiveObjects: 0.228600 ms CreateObjectMapping: 0.213500 ms MarkObjects: 2.184500 ms  DeleteObjects: 0.022900 ms)

========================================================================
Received Prepare
Registering precompiled user dll's ...
Registered in 0.008058 seconds.
Begin MonoManager ReloadAssembly
Native extension for WindowsStandalone target not found
Refreshing native plugins compatible for Editor in 0.62 ms, found 1 plugins.
Preloading 0 native plugins for Editor in 0.00 ms.
Invoked RoslynAnalysisRunner static constructor.
RoslynAnalysisRunner will not be running.
RoslynAnalysisRunner has terminated.
Mono: successfully reloaded assembly
- Completed reload, in  2.692 seconds
Platform modules already initialized, skipping
Refreshing native plugins compatible for Editor in 0.68 ms, found 1 plugins.
Preloading 0 native plugins for Editor in 0.00 ms.
Unloading 1771 Unused Serialized files (Serialized files now loaded: 0)
System memory in use before: 91.5 MB.
System memory in use after: 91.6 MB.

Unloading 8 unused Assets to reduce memory usage. Loaded Objects now: 2294.
Total: 4.821000 ms (FindLiveObjects: 1.162600 ms CreateObjectMapping: 0.141500 ms MarkObjects: 3.467300 ms  DeleteObjects: 0.028100 ms)

========================================================================
Received Prepare
Registering precompiled user dll's ...
Registered in 0.011066 seconds.
Begin MonoManager ReloadAssembly
Native extension for WindowsStandalone target not found
Refreshing native plugins compatible for Editor in 0.45 ms, found 1 plugins.
Preloading 0 native plugins for Editor in 0.00 ms.
Invoked RoslynAnalysisRunner static constructor.
RoslynAnalysisRunner will not be running.
RoslynAnalysisRunner has terminated.
Mono: successfully reloaded assembly
- Completed reload, in  2.227 seconds
Platform modules already initialized, skipping
Refreshing native plugins compatible for Editor in 0.46 ms, found 1 plugins.
Preloading 0 native plugins for Editor in 0.00 ms.
Unloading 1771 Unused Serialized files (Serialized files now loaded: 0)
System memory in use before: 91.6 MB.
System memory in use after: 91.7 MB.

Unloading 8 unused Assets to reduce memory usage. Loaded Objects now: 2296.
Total: 2.704600 ms (FindLiveObjects: 0.231400 ms CreateObjectMapping: 0.201300 ms MarkObjects: 2.241400 ms  DeleteObjects: 0.027800 ms)

========================================================================
Received Prepare
Registering precompiled user dll's ...
Registered in 0.008819 seconds.
Begin MonoManager ReloadAssembly
Native extension for WindowsStandalone target not found
Refreshing native plugins compatible for Editor in 0.41 ms, found 1 plugins.
Preloading 0 native plugins for Editor in 0.00 ms.
Invoked RoslynAnalysisRunner static constructor.
RoslynAnalysisRunner will not be running.
RoslynAnalysisRunner has terminated.
Mono: successfully reloaded assembly
- Completed reload, in  1.876 seconds
Platform modules already initialized, skipping
Refreshing native plugins compatible for Editor in 0.41 ms, found 1 plugins.
Preloading 0 native plugins for Editor in 0.00 ms.
Unloading 1771 Unused Serialized files (Serialized files now loaded: 0)
System memory in use before: 91.7 MB.
System memory in use after: 91.9 MB.

Unloading 8 unused Assets to reduce memory usage. Loaded Objects now: 2298.
Total: 2.885100 ms (FindLiveObjects: 0.197000 ms CreateObjectMapping: 0.075600 ms MarkObjects: 2.553500 ms  DeleteObjects: 0.057300 ms)

========================================================================
Received Prepare
Registering precompiled user dll's ...
Registered in 0.012983 seconds.
Begin MonoManager ReloadAssembly
Native extension for WindowsStandalone target not found
Refreshing native plugins compatible for Editor in 0.46 ms, found 1 plugins.
Preloading 0 native plugins for Editor in 0.00 ms.
Invoked RoslynAnalysisRunner static constructor.
RoslynAnalysisRunner will not be running.
RoslynAnalysisRunner has terminated.
Mono: successfully reloaded assembly
- Completed reload, in  5.128 seconds
Platform modules already initialized, skipping
Refreshing native plugins compatible for Editor in 0.81 ms, found 1 plugins.
Preloading 0 native plugins for Editor in 0.00 ms.
Unloading 1771 Unused Serialized files (Serialized files now loaded: 0)
System memory in use before: 91.9 MB.
System memory in use after: 92.0 MB.

Unloading 8 unused Assets to reduce memory usage. Loaded Objects now: 2300.
Total: 2.765900 ms (FindLiveObjects: 0.254300 ms CreateObjectMapping: 0.096500 ms MarkObjects: 2.387000 ms  DeleteObjects: 0.025900 ms)

========================================================================
Received Prepare
Registering precompiled user dll's ...
Registered in 0.009078 seconds.
Begin MonoManager ReloadAssembly
Native extension for WindowsStandalone target not found
Refreshing native plugins compatible for Editor in 0.40 ms, found 1 plugins.
Preloading 0 native plugins for Editor in 0.00 ms.
Invoked RoslynAnalysisRunner static constructor.
RoslynAnalysisRunner will not be running.
RoslynAnalysisRunner has terminated.
Mono: successfully reloaded assembly
- Completed reload, in  1.902 seconds
Platform modules already initialized, skipping
Refreshing native plugins compatible for Editor in 0.43 ms, found 1 plugins.
Preloading 0 native plugins for Editor in 0.00 ms.
Unloading 1771 Unused Serialized files (Serialized files now loaded: 0)
System memory in use before: 91.0 MB.
System memory in use after: 91.1 MB.

Unloading 8 unused Assets to reduce memory usage. Loaded Objects now: 2302.
Total: 2.661000 ms (FindLiveObjects: 0.221500 ms CreateObjectMapping: 0.095300 ms MarkObjects: 2.322000 ms  DeleteObjects: 0.020400 ms)

========================================================================
Received Prepare
Registering precompiled user dll's ...
Registered in 0.013753 seconds.
Begin MonoManager ReloadAssembly
Native extension for WindowsStandalone target not found
Refreshing native plugins compatible for Editor in 0.45 ms, found 1 plugins.
Preloading 0 native plugins for Editor in 0.00 ms.
Invoked RoslynAnalysisRunner static constructor.
RoslynAnalysisRunner will not be running.
RoslynAnalysisRunner has terminated.
Mono: successfully reloaded assembly
- Completed reload, in  4.075 seconds
Platform modules already initialized, skipping
Refreshing native plugins compatible for Editor in 0.46 ms, found 1 plugins.
Preloading 0 native plugins for Editor in 0.00 ms.
Unloading 1771 Unused Serialized files (Serialized files now loaded: 0)
System memory in use before: 91.1 MB.
System memory in use after: 91.2 MB.

Unloading 8 unused Assets to reduce memory usage. Loaded Objects now: 2304.
Total: 2.750800 ms (FindLiveObjects: 0.253600 ms CreateObjectMapping: 0.108500 ms MarkObjects: 2.361900 ms  DeleteObjects: 0.024700 ms)

========================================================================
Received Prepare
Registering precompiled user dll's ...
Registered in 0.009480 seconds.
Begin MonoManager ReloadAssembly
Native extension for WindowsStandalone target not found
Refreshing native plugins compatible for Editor in 0.41 ms, found 1 plugins.
Preloading 0 native plugins for Editor in 0.00 ms.
Invoked RoslynAnalysisRunner static constructor.
RoslynAnalysisRunner will not be running.
RoslynAnalysisRunner has terminated.
Mono: successfully reloaded assembly
- Completed reload, in  2.007 seconds
Platform modules already initialized, skipping
Refreshing native plugins compatible for Editor in 0.45 ms, found 1 plugins.
Preloading 0 native plugins for Editor in 0.00 ms.
Unloading 1771 Unused Serialized files (Serialized files now loaded: 0)
System memory in use before: 91.2 MB.
System memory in use after: 91.3 MB.

Unloading 8 unused Assets to reduce memory usage. Loaded Objects now: 2306.
Total: 2.669000 ms (FindLiveObjects: 0.328900 ms CreateObjectMapping: 0.114500 ms MarkObjects: 2.199200 ms  DeleteObjects: 0.024100 ms)

========================================================================
Received Prepare
Registering precompiled user dll's ...
Registered in 0.008133 seconds.
Begin MonoManager ReloadAssembly
Native extension for WindowsStandalone target not found
Refreshing native plugins compatible for Editor in 0.47 ms, found 1 plugins.
Preloading 0 native plugins for Editor in 0.00 ms.
Invoked RoslynAnalysisRunner static constructor.
RoslynAnalysisRunner will not be running.
RoslynAnalysisRunner has terminated.
Mono: successfully reloaded assembly
- Completed reload, in  2.939 seconds
Platform modules already initialized, skipping
Refreshing native plugins compatible for Editor in 0.42 ms, found 1 plugins.
Preloading 0 native plugins for Editor in 0.00 ms.
Unloading 1771 Unused Serialized files (Serialized files now loaded: 0)
System memory in use before: 91.3 MB.
System memory in use after: 91.4 MB.

Unloading 8 unused Assets to reduce memory usage. Loaded Objects now: 2308.
Total: 2.362200 ms (FindLiveObjects: 0.219400 ms CreateObjectMapping: 0.089900 ms MarkObjects: 2.031200 ms  DeleteObjects: 0.020000 ms)

========================================================================
Received Prepare
Registering precompiled user dll's ...
Registered in 0.011884 seconds.
Begin MonoManager ReloadAssembly
Native extension for WindowsStandalone target not found
Refreshing native plugins compatible for Editor in 0.41 ms, found 1 plugins.
Preloading 0 native plugins for Editor in 0.00 ms.
Invoked RoslynAnalysisRunner static constructor.
RoslynAnalysisRunner will not be running.
RoslynAnalysisRunner has terminated.
Mono: successfully reloaded assembly
- Completed reload, in  1.905 seconds
Platform modules already initialized, skipping
Refreshing native plugins compatible for Editor in 0.46 ms, found 1 plugins.
Preloading 0 native plugins for Editor in 0.00 ms.
Unloading 1771 Unused Serialized files (Serialized files now loaded: 0)
System memory in use before: 91.4 MB.
System memory in use after: 91.5 MB.

Unloading 8 unused Assets to reduce memory usage. Loaded Objects now: 2310.
Total: 2.746900 ms (FindLiveObjects: 0.271400 ms CreateObjectMapping: 0.098700 ms MarkObjects: 2.350800 ms  DeleteObjects: 0.024100 ms)

========================================================================
Received Prepare
Registering precompiled user dll's ...
Registered in 0.007806 seconds.
Begin MonoManager ReloadAssembly
Native extension for WindowsStandalone target not found
Refreshing native plugins compatible for Editor in 0.47 ms, found 1 plugins.
Preloading 0 native plugins for Editor in 0.00 ms.
Invoked RoslynAnalysisRunner static constructor.
RoslynAnalysisRunner will not be running.
RoslynAnalysisRunner has terminated.
Mono: successfully reloaded assembly
- Completed reload, in  2.258 seconds
Platform modules already initialized, skipping
Refreshing native plugins compatible for Editor in 0.47 ms, found 1 plugins.
Preloading 0 native plugins for Editor in 0.00 ms.
Unloading 1771 Unused Serialized files (Serialized files now loaded: 0)
System memory in use before: 91.5 MB.
System memory in use after: 91.6 MB.

Unloading 8 unused Assets to reduce memory usage. Loaded Objects now: 2312.
Total: 2.778800 ms (FindLiveObjects: 0.305100 ms CreateObjectMapping: 0.145400 ms MarkObjects: 2.302100 ms  DeleteObjects: 0.024100 ms)

========================================================================
Received Prepare
Registering precompiled user dll's ...
Registered in 0.008523 seconds.
Begin MonoManager ReloadAssembly
Native extension for WindowsStandalone target not found
Refreshing native plugins compatible for Editor in 0.50 ms, found 1 plugins.
Preloading 0 native plugins for Editor in 0.00 ms.
Invoked RoslynAnalysisRunner static constructor.
RoslynAnalysisRunner will not be running.
RoslynAnalysisRunner has terminated.
Mono: successfully reloaded assembly
- Completed reload, in  1.885 seconds
Platform modules already initialized, skipping
Refreshing native plugins compatible for Editor in 0.45 ms, found 1 plugins.
Preloading 0 native plugins for Editor in 0.00 ms.
Unloading 1771 Unused Serialized files (Serialized files now loaded: 0)
System memory in use before: 91.7 MB.
System memory in use after: 91.8 MB.

Unloading 8 unused Assets to reduce memory usage. Loaded Objects now: 2314.
Total: 2.957700 ms (FindLiveObjects: 0.221300 ms CreateObjectMapping: 0.095700 ms MarkObjects: 2.616500 ms  DeleteObjects: 0.022100 ms)

========================================================================
Received Prepare
Registering precompiled user dll's ...
Registered in 0.021201 seconds.
Begin MonoManager ReloadAssembly
Native extension for WindowsStandalone target not found
Refreshing native plugins compatible for Editor in 1.37 ms, found 1 plugins.
Preloading 0 native plugins for Editor in 0.00 ms.
Invoked RoslynAnalysisRunner static constructor.
RoslynAnalysisRunner will not be running.
RoslynAnalysisRunner has terminated.
Mono: successfully reloaded assembly
- Completed reload, in  3.260 seconds
Platform modules already initialized, skipping
Refreshing native plugins compatible for Editor in 0.63 ms, found 1 plugins.
Preloading 0 native plugins for Editor in 0.00 ms.
Unloading 1771 Unused Serialized files (Serialized files now loaded: 0)
System memory in use before: 91.8 MB.
System memory in use after: 91.9 MB.

Unloading 8 unused Assets to reduce memory usage. Loaded Objects now: 2316.
Total: 4.029400 ms (FindLiveObjects: 0.669000 ms CreateObjectMapping: 0.489100 ms MarkObjects: 2.843100 ms  DeleteObjects: 0.025300 ms)

========================================================================
Received Prepare
Registering precompiled user dll's ...
Registered in 0.006730 seconds.
Begin MonoManager ReloadAssembly
Native extension for WindowsStandalone target not found
Refreshing native plugins compatible for Editor in 0.45 ms, found 1 plugins.
Preloading 0 native plugins for Editor in 0.00 ms.
Invoked RoslynAnalysisRunner static constructor.
RoslynAnalysisRunner will not be running.
RoslynAnalysisRunner has terminated.
Mono: successfully reloaded assembly
- Completed reload, in  1.860 seconds
Platform modules already initialized, skipping
Refreshing native plugins compatible for Editor in 0.41 ms, found 1 plugins.
Preloading 0 native plugins for Editor in 0.00 ms.
Unloading 1771 Unused Serialized files (Serialized files now loaded: 0)
System memory in use before: 91.9 MB.
System memory in use after: 92.0 MB.

Unloading 8 unused Assets to reduce memory usage. Loaded Objects now: 2318.
Total: 3.165200 ms (FindLiveObjects: 0.216700 ms CreateObjectMapping: 0.187200 ms MarkObjects: 2.735100 ms  DeleteObjects: 0.024000 ms)

========================================================================
Received Prepare
Registering precompiled user dll's ...
Registered in 0.009393 seconds.
Begin MonoManager ReloadAssembly
Native extension for WindowsStandalone target not found
Refreshing native plugins compatible for Editor in 0.55 ms, found 1 plugins.
Preloading 0 native plugins for Editor in 0.00 ms.
Invoked RoslynAnalysisRunner static constructor.
RoslynAnalysisRunner will not be running.
RoslynAnalysisRunner has terminated.
Mono: successfully reloaded assembly
- Completed reload, in  2.598 seconds
Platform modules already initialized, skipping
Refreshing native plugins compatible for Editor in 0.47 ms, found 1 plugins.
Preloading 0 native plugins for Editor in 0.00 ms.
Unloading 1771 Unused Serialized files (Serialized files now loaded: 0)
System memory in use before: 91.9 MB.
System memory in use after: 92.0 MB.

Unloading 8 unused Assets to reduce memory usage. Loaded Objects now: 2320.
Total: 2.864800 ms (FindLiveObjects: 0.299200 ms CreateObjectMapping: 0.120300 ms MarkObjects: 2.421800 ms  DeleteObjects: 0.021200 ms)

========================================================================
Received Prepare
Registering precompiled user dll's ...
Registered in 0.074576 seconds.
Begin MonoManager ReloadAssembly
Native extension for WindowsStandalone target not found
Refreshing native plugins compatible for Editor in 0.48 ms, found 1 plugins.
Preloading 0 native plugins for Editor in 0.00 ms.
Invoked RoslynAnalysisRunner static constructor.
RoslynAnalysisRunner will not be running.
RoslynAnalysisRunner has terminated.
Mono: successfully reloaded assembly
- Completed reload, in  2.208 seconds
Platform modules already initialized, skipping
Refreshing native plugins compatible for Editor in 0.45 ms, found 1 plugins.
Preloading 0 native plugins for Editor in 0.00 ms.
Unloading 1771 Unused Serialized files (Serialized files now loaded: 0)
System memory in use before: 91.1 MB.
System memory in use after: 91.2 MB.

Unloading 8 unused Assets to reduce memory usage. Loaded Objects now: 2322.
Total: 2.635900 ms (FindLiveObjects: 0.237300 ms CreateObjectMapping: 0.163700 ms MarkObjects: 2.204400 ms  DeleteObjects: 0.028000 ms)

========================================================================
Received Prepare
Registering precompiled user dll's ...
Registered in 0.011697 seconds.
Begin MonoManager ReloadAssembly
Native extension for WindowsStandalone target not found
Refreshing native plugins compatible for Editor in 0.52 ms, found 1 plugins.
Preloading 0 native plugins for Editor in 0.00 ms.
Invoked RoslynAnalysisRunner static constructor.
RoslynAnalysisRunner will not be running.
RoslynAnalysisRunner has terminated.
Mono: successfully reloaded assembly
- Completed reload, in  2.603 seconds
Platform modules already initialized, skipping
Refreshing native plugins compatible for Editor in 0.82 ms, found 1 plugins.
Preloading 0 native plugins for Editor in 0.00 ms.
Unloading 1771 Unused Serialized files (Serialized files now loaded: 0)
System memory in use before: 91.2 MB.
System memory in use after: 91.3 MB.

Unloading 8 unused Assets to reduce memory usage. Loaded Objects now: 2324.
Total: 4.564000 ms (FindLiveObjects: 0.403300 ms CreateObjectMapping: 0.409600 ms MarkObjects: 3.724700 ms  DeleteObjects: 0.023400 ms)

========================================================================
Received Prepare
Registering precompiled user dll's ...
Registered in 0.010180 seconds.
Begin MonoManager ReloadAssembly
Native extension for WindowsStandalone target not found
Refreshing native plugins compatible for Editor in 0.49 ms, found 1 plugins.
Preloading 0 native plugins for Editor in 0.00 ms.
Invoked RoslynAnalysisRunner static constructor.
RoslynAnalysisRunner will not be running.
RoslynAnalysisRunner has terminated.
Mono: successfully reloaded assembly
- Completed reload, in  2.663 seconds
Platform modules already initialized, skipping
Refreshing native plugins compatible for Editor in 0.51 ms, found 1 plugins.
Preloading 0 native plugins for Editor in 0.00 ms.
Unloading 1771 Unused Serialized files (Serialized files now loaded: 0)
System memory in use before: 91.3 MB.
System memory in use after: 91.4 MB.

Unloading 8 unused Assets to reduce memory usage. Loaded Objects now: 2326.
Total: 3.016200 ms (FindLiveObjects: 0.245400 ms CreateObjectMapping: 0.109200 ms MarkObjects: 2.632500 ms  DeleteObjects: 0.026200 ms)

========================================================================
Received Prepare
Registering precompiled user dll's ...
Registered in 0.007189 seconds.
Begin MonoManager ReloadAssembly
Native extension for WindowsStandalone target not found
Refreshing native plugins compatible for Editor in 0.56 ms, found 1 plugins.
Preloading 0 native plugins for Editor in 0.00 ms.
Invoked RoslynAnalysisRunner static constructor.
RoslynAnalysisRunner will not be running.
RoslynAnalysisRunner has terminated.
Mono: successfully reloaded assembly
- Completed reload, in  2.454 seconds
Platform modules already initialized, skipping
Refreshing native plugins compatible for Editor in 0.49 ms, found 1 plugins.
Preloading 0 native plugins for Editor in 0.00 ms.
Unloading 1771 Unused Serialized files (Serialized files now loaded: 0)
System memory in use before: 91.5 MB.
System memory in use after: 91.6 MB.

Unloading 8 unused Assets to reduce memory usage. Loaded Objects now: 2328.
Total: 2.637400 ms (FindLiveObjects: 0.253600 ms CreateObjectMapping: 0.104300 ms MarkObjects: 2.254200 ms  DeleteObjects: 0.023400 ms)

AssetImportWorkerClient::OnTransportError - code=2 error=End of file
